<?xml version="1.0" encoding="UTF-8"?>
<!-- Generated by org.testng.reporters.JUnitReportReporter -->
<testsuite hostname="DESKTOP-7II7VN4" failures="0" tests="1" name="com.OpenKart.TestCases.TC_OpenKart" time="3.928" errors="0" timestamp="2025-05-11T15:00:14 IST" skipped="0">
  <testcase classname="com.OpenKart.TestCases.TC_OpenKart" name="DoRegister" time="3.928"/>
</testsuite> <!-- com.OpenKart.TestCases.TC_OpenKart -->
